Performing C SOURCE FILE Test CMAKE_HAVE_LIBC_PTHREAD failed with the following output:
Change Dir: /root/momo/_build/ubuntu-18.04_armv8_jetson_nano/CMakeFiles/CMakeTmp

Run Build Command(s):/usr/bin/make -f Makefile cmTC_8fd90/fast && /usr/bin/make  -f CMakeFiles/cmTC_8fd90.dir/build.make CMakeFiles/cmTC_8fd90.dir/build
make[1]: Entering directory '/root/momo/_build/ubuntu-18.04_armv8_jetson_nano/CMakeFiles/CMakeTmp'
Building C object CMakeFiles/cmTC_8fd90.dir/src.c.o
/root/llvm/clang/bin/clang --target=aarch64-linux-gnu --sysroot=/root/rootfs -DCMAKE_HAVE_LIBC_PTHREAD   -MD -MT CMakeFiles/cmTC_8fd90.dir/src.c.o -MF CMakeFiles/cmTC_8fd90.dir/src.c.o.d -o CMakeFiles/cmTC_8fd90.dir/src.c.o -c /root/momo/_build/ubuntu-18.04_armv8_jetson_nano/CMakeFiles/CMakeTmp/src.c
Linking C executable cmTC_8fd90
/root/cmake/bin/cmake -E cmake_link_script CMakeFiles/cmTC_8fd90.dir/link.txt --verbose=1
/root/llvm/clang/bin/clang --target=aarch64-linux-gnu --sysroot=/root/rootfs CMakeFiles/cmTC_8fd90.dir/src.c.o -o cmTC_8fd90 
CMakeFiles/cmTC_8fd90.dir/src.c.o: In function `main':
src.c:(.text+0x28): undefined reference to `pthread_create'
src.c:(.text+0x30): undefined reference to `pthread_detach'
src.c:(.text+0x38): undefined reference to `pthread_cancel'
src.c:(.text+0x44): undefined reference to `pthread_join'
src.c:(.text+0x54): undefined reference to `pthread_atfork'
clang: error: linker command failed with exit code 1 (use -v to see invocation)
CMakeFiles/cmTC_8fd90.dir/build.make:99: recipe for target 'cmTC_8fd90' failed
make[1]: *** [cmTC_8fd90] Error 1
make[1]: Leaving directory '/root/momo/_build/ubuntu-18.04_armv8_jetson_nano/CMakeFiles/CMakeTmp'
Makefile:127: recipe for target 'cmTC_8fd90/fast' failed
make: *** [cmTC_8fd90/fast] Error 2


Source file was:
#include <pthread.h>

static void* test_func(void* data)
{
  return data;
}

int main(void)
{
  pthread_t thread;
  pthread_create(&thread, NULL, test_func, NULL);
  pthread_detach(thread);
  pthread_cancel(thread);
  pthread_join(thread, NULL);
  pthread_atfork(NULL, NULL, NULL);
  pthread_exit(NULL);

  return 0;
}

Determining if the function pthread_create exists in the pthreads failed with the following output:
Change Dir: /root/momo/_build/ubuntu-18.04_armv8_jetson_nano/CMakeFiles/CMakeTmp

Run Build Command(s):/usr/bin/make -f Makefile cmTC_15c86/fast && /usr/bin/make  -f CMakeFiles/cmTC_15c86.dir/build.make CMakeFiles/cmTC_15c86.dir/build
make[1]: Entering directory '/root/momo/_build/ubuntu-18.04_armv8_jetson_nano/CMakeFiles/CMakeTmp'
Building C object CMakeFiles/cmTC_15c86.dir/CheckFunctionExists.c.o
/root/llvm/clang/bin/clang --target=aarch64-linux-gnu --sysroot=/root/rootfs   -DCHECK_FUNCTION_EXISTS=pthread_create -MD -MT CMakeFiles/cmTC_15c86.dir/CheckFunctionExists.c.o -MF CMakeFiles/cmTC_15c86.dir/CheckFunctionExists.c.o.d -o CMakeFiles/cmTC_15c86.dir/CheckFunctionExists.c.o -c /root/cmake/share/cmake-3.21/Modules/CheckFunctionExists.c
Linking C executable cmTC_15c86
/root/cmake/bin/cmake -E cmake_link_script CMakeFiles/cmTC_15c86.dir/link.txt --verbose=1
/root/llvm/clang/bin/clang --target=aarch64-linux-gnu --sysroot=/root/rootfs  -DCHECK_FUNCTION_EXISTS=pthread_create CMakeFiles/cmTC_15c86.dir/CheckFunctionExists.c.o -o cmTC_15c86  -lpthreads 
/usr/bin/aarch64-linux-gnu-ld: cannot find -lpthreads
clang: error: linker command failed with exit code 1 (use -v to see invocation)
CMakeFiles/cmTC_15c86.dir/build.make:99: recipe for target 'cmTC_15c86' failed
make[1]: *** [cmTC_15c86] Error 1
make[1]: Leaving directory '/root/momo/_build/ubuntu-18.04_armv8_jetson_nano/CMakeFiles/CMakeTmp'
Makefile:127: recipe for target 'cmTC_15c86/fast' failed
make: *** [cmTC_15c86/fast] Error 2



